[2024-05-27 20:58:13,120] DEBUG    selector_events.py Using selector: EpollSelector
[2024-05-27 20:58:13,516] DEBUG    rainradar.py HTTP-Get to : %https://www.wetter.com/deutschland/hattersheim-am-main/hattersheim/DE0004242.html#niederschlag
[2024-05-27 20:58:13,516] DEBUG    rainradar.py HTTP-Response status : 200
[2024-05-27 20:58:13,867] DEBUG    rainradar.py expected rain: {'20:30': 1}
[2024-05-27 20:58:13,867] DEBUG    rainradar.py rainAlarm OFF (not raining)
[2024-05-27 20:58:13,867] INFO     rainradar.py publishing: rainalarm:off
[2024-05-27 21:03:14,340] DEBUG    rainradar.py HTTP-Get to : %https://www.wetter.com/deutschland/hattersheim-am-main/hattersheim/DE0004242.html#niederschlag
[2024-05-27 21:03:14,340] DEBUG    rainradar.py HTTP-Response status : 200
[2024-05-27 21:03:14,623] DEBUG    rainradar.py expected rain: {'20:50': 1}
[2024-05-27 21:03:14,624] DEBUG    rainradar.py rainAlarm OFF (not raining)
[2024-05-27 21:03:14,624] INFO     rainradar.py publishing: rainalarm:off
[2024-05-27 21:21:27,066] DEBUG    selector_events.py Using selector: EpollSelector
[2024-05-27 21:23:38,771] DEBUG    selector_events.py Using selector: EpollSelector
[2024-05-27 21:24:23,312] DEBUG    selector_events.py Using selector: EpollSelector
[2024-05-27 21:24:23,576] DEBUG    rainradar.py HTTP-Get to : %https://www.wetter.com/deutschland/hattersheim-am-main/hattersheim/DE0004242.html#niederschlag
[2024-05-27 21:24:23,576] DEBUG    rainradar.py HTTP-Response status : 200
[2024-05-27 21:24:23,739] DEBUG    rainradar.py expected rain: {'20:50': 1}
[2024-05-27 21:24:23,740] DEBUG    rainradar.py rainAlarm OFF (not raining)
[2024-05-27 21:24:23,742] DEBUG    myApp.py     publishing: rainalarm:off
[2024-05-27 21:28:57,479] DEBUG    selector_events.py Using selector: EpollSelector
[2024-05-27 21:28:57,805] DEBUG    rainradar.py HTTP-Get to : %https://www.wetter.com/deutschland/hattersheim-am-main/hattersheim/DE0004242.html#niederschlag
[2024-05-27 21:28:57,805] DEBUG    rainradar.py HTTP-Response status : 200
[2024-05-27 21:28:57,924] DEBUG    rainradar.py expected rain: {'21:00': 1}
[2024-05-27 21:28:57,925] DEBUG    rainradar.py rainAlarm OFF (not raining)
[2024-05-27 21:28:57,926] DEBUG    myApp.py     publishing: rainalarm:off
[2024-05-27 21:33:58,210] DEBUG    rainradar.py HTTP-Get to : %https://www.wetter.com/deutschland/hattersheim-am-main/hattersheim/DE0004242.html#niederschlag
[2024-05-27 21:33:58,210] DEBUG    rainradar.py HTTP-Response status : 200
[2024-05-27 21:33:58,330] DEBUG    rainradar.py expected rain: {'21:20': 1}
[2024-05-27 21:33:58,331] DEBUG    rainradar.py rainAlarm OFF (not raining)
[2024-05-27 21:33:58,332] DEBUG    myApp.py     publishing: rainalarm:off
[2024-05-27 21:38:58,592] DEBUG    rainradar.py HTTP-Get to : %https://www.wetter.com/deutschland/hattersheim-am-main/hattersheim/DE0004242.html#niederschlag
[2024-05-27 21:38:58,593] DEBUG    rainradar.py HTTP-Response status : 200
[2024-05-27 21:38:58,784] DEBUG    rainradar.py expected rain: {'21:35': 1}
[2024-05-27 21:38:58,785] DEBUG    rainradar.py rainAlarm ON (raining)
[2024-05-27 21:38:58,787] DEBUG    myApp.py     publishing: rainalarm:on
[2024-05-27 21:43:58,975] DEBUG    rainradar.py HTTP-Get to : %https://www.wetter.com/deutschland/hattersheim-am-main/hattersheim/DE0004242.html#niederschlag
[2024-05-27 21:43:58,976] DEBUG    rainradar.py HTTP-Response status : 200
[2024-05-27 21:43:59,532] DEBUG    rainradar.py expected rain: {'21:25': 1}
[2024-05-27 21:43:59,532] DEBUG    rainradar.py rainAlarm ON (has rained)
[2024-05-27 21:43:59,535] DEBUG    myApp.py     publishing: rainalarm:on
[2024-05-27 21:48:59,726] DEBUG    rainradar.py HTTP-Get to : %https://www.wetter.com/deutschland/hattersheim-am-main/hattersheim/DE0004242.html#niederschlag
[2024-05-27 21:48:59,726] DEBUG    rainradar.py HTTP-Response status : 200
[2024-05-27 21:48:59,897] DEBUG    rainradar.py expected rain: {'21:40': 1}
[2024-05-27 21:48:59,897] DEBUG    rainradar.py rainAlarm ON (has rained)
[2024-05-27 21:48:59,898] DEBUG    myApp.py     publishing: rainalarm:on
[2024-05-27 21:54:00,059] DEBUG    rainradar.py HTTP-Get to : %https://www.wetter.com/deutschland/hattersheim-am-main/hattersheim/DE0004242.html#niederschlag
[2024-05-27 21:54:00,060] DEBUG    rainradar.py HTTP-Response status : 200
[2024-05-27 21:54:00,259] DEBUG    rainradar.py expected rain: {'21:45': 1}
[2024-05-27 21:54:00,260] DEBUG    rainradar.py rainAlarm OFF (not raining)
[2024-05-27 21:54:00,261] DEBUG    myApp.py     publishing: rainalarm:off
[2024-05-27 21:59:01,747] DEBUG    rainradar.py HTTP-Get to : %https://www.wetter.com/deutschland/hattersheim-am-main/hattersheim/DE0004242.html#niederschlag
[2024-05-27 21:59:01,748] DEBUG    rainradar.py HTTP-Response status : 200
[2024-05-27 21:59:02,143] DEBUG    rainradar.py expected rain: {'21:55': 1}
[2024-05-27 21:59:02,143] DEBUG    rainradar.py rainAlarm ON (raining)
[2024-05-27 21:59:02,144] DEBUG    myApp.py     publishing: rainalarm:on
[2024-05-27 22:04:02,930] DEBUG    rainradar.py HTTP-Get to : %https://www.wetter.com/deutschland/hattersheim-am-main/hattersheim/DE0004242.html#niederschlag
[2024-05-27 22:04:02,931] DEBUG    rainradar.py HTTP-Response status : 200
[2024-05-27 22:04:03,598] DEBUG    rainradar.py expected rain: {'22:00': 1}
[2024-05-27 22:04:03,598] DEBUG    rainradar.py rainAlarm ON (raining)
[2024-05-27 22:04:03,600] DEBUG    myApp.py     publishing: rainalarm:on
[2024-05-27 22:09:03,910] DEBUG    rainradar.py HTTP-Get to : %https://www.wetter.com/deutschland/hattersheim-am-main/hattersheim/DE0004242.html#niederschlag
[2024-05-27 22:09:03,910] DEBUG    rainradar.py HTTP-Response status : 200
[2024-05-27 22:09:04,103] DEBUG    rainradar.py expected rain: {'21:50': 1}
[2024-05-27 22:09:04,104] DEBUG    rainradar.py rainAlarm ON (has rained)
[2024-05-27 22:09:04,105] DEBUG    myApp.py     publishing: rainalarm:on
[2024-05-27 22:14:04,619] DEBUG    rainradar.py HTTP-Get to : %https://www.wetter.com/deutschland/hattersheim-am-main/hattersheim/DE0004242.html#niederschlag
[2024-05-27 22:14:04,619] DEBUG    rainradar.py HTTP-Response status : 200
[2024-05-27 22:14:05,226] DEBUG    rainradar.py expected rain: {'21:55': 1}
[2024-05-27 22:14:05,227] DEBUG    rainradar.py rainAlarm ON (has rained)
[2024-05-27 22:14:05,228] DEBUG    myApp.py     publishing: rainalarm:on
[2024-05-27 22:19:05,859] DEBUG    rainradar.py HTTP-Get to : %https://www.wetter.com/deutschland/hattersheim-am-main/hattersheim/DE0004242.html#niederschlag
[2024-05-27 22:19:05,859] DEBUG    rainradar.py HTTP-Response status : 200
[2024-05-27 22:19:05,979] DEBUG    rainradar.py expected rain: {'22:15': 1}
[2024-05-27 22:19:05,979] DEBUG    rainradar.py rainAlarm ON (raining)
[2024-05-27 22:19:05,980] DEBUG    myApp.py     publishing: rainalarm:on
[2024-05-27 22:24:06,252] DEBUG    rainradar.py HTTP-Get to : %https://www.wetter.com/deutschland/hattersheim-am-main/hattersheim/DE0004242.html#niederschlag
[2024-05-27 22:24:06,252] DEBUG    rainradar.py HTTP-Response status : 200
[2024-05-27 22:24:06,487] DEBUG    rainradar.py expected rain: {'22:10': 1}
[2024-05-27 22:24:06,487] DEBUG    rainradar.py rainAlarm ON (has rained)
[2024-05-27 22:24:06,489] DEBUG    myApp.py     publishing: rainalarm:on
[2024-05-27 22:29:07,333] DEBUG    rainradar.py HTTP-Get to : %https://www.wetter.com/deutschland/hattersheim-am-main/hattersheim/DE0004242.html#niederschlag
[2024-05-27 22:29:07,333] DEBUG    rainradar.py HTTP-Response status : 200
[2024-05-27 22:29:07,612] DEBUG    rainradar.py expected rain: {'22:25': 1}
[2024-05-27 22:29:07,612] DEBUG    rainradar.py rainAlarm ON (raining)
[2024-05-27 22:29:07,614] DEBUG    myApp.py     publishing: rainalarm:on
[2024-05-27 22:34:07,884] DEBUG    rainradar.py HTTP-Get to : %https://www.wetter.com/deutschland/hattersheim-am-main/hattersheim/DE0004242.html#niederschlag
[2024-05-27 22:34:07,884] DEBUG    rainradar.py HTTP-Response status : 200
[2024-05-27 22:34:08,111] DEBUG    rainradar.py expected rain: {'22:05': 1}
[2024-05-27 22:34:08,112] DEBUG    rainradar.py rainAlarm ON (has rained)
[2024-05-27 22:34:08,114] DEBUG    myApp.py     publishing: rainalarm:on
[2024-05-27 22:39:08,333] DEBUG    rainradar.py HTTP-Get to : %https://www.wetter.com/deutschland/hattersheim-am-main/hattersheim/DE0004242.html#niederschlag
[2024-05-27 22:39:08,333] DEBUG    rainradar.py HTTP-Response status : 200
[2024-05-27 22:39:08,538] DEBUG    rainradar.py expected rain: {'22:15': 1}
[2024-05-27 22:39:08,538] DEBUG    rainradar.py rainAlarm ON (has rained)
[2024-05-27 22:39:08,539] DEBUG    myApp.py     publishing: rainalarm:on
[2024-05-27 22:44:09,161] DEBUG    rainradar.py HTTP-Get to : %https://www.wetter.com/deutschland/hattersheim-am-main/hattersheim/DE0004242.html#niederschlag
[2024-05-27 22:44:09,161] DEBUG    rainradar.py HTTP-Response status : 200
[2024-05-27 22:44:09,309] DEBUG    rainradar.py expected rain: {'22:40': 1}
[2024-05-27 22:44:09,309] DEBUG    rainradar.py rainAlarm ON (raining)
[2024-05-27 22:44:09,311] DEBUG    myApp.py     publishing: rainalarm:on
[2024-05-27 22:49:09,604] DEBUG    rainradar.py HTTP-Get to : %https://www.wetter.com/deutschland/hattersheim-am-main/hattersheim/DE0004242.html#niederschlag
[2024-05-27 22:49:09,604] DEBUG    rainradar.py HTTP-Response status : 200
[2024-05-27 22:49:09,718] DEBUG    rainradar.py expected rain: {'22:20': 1}
[2024-05-27 22:49:09,718] DEBUG    rainradar.py rainAlarm ON (has rained)
[2024-05-27 22:49:09,719] DEBUG    myApp.py     publishing: rainalarm:on
[2024-05-27 22:54:10,213] DEBUG    rainradar.py HTTP-Get to : %https://www.wetter.com/deutschland/hattersheim-am-main/hattersheim/DE0004242.html#niederschlag
[2024-05-27 22:54:10,214] DEBUG    rainradar.py HTTP-Response status : 200
[2024-05-27 22:54:10,527] DEBUG    rainradar.py expected rain: {'22:50': 1}
[2024-05-27 22:54:10,528] DEBUG    rainradar.py rainAlarm ON (raining)
[2024-05-27 22:54:10,530] DEBUG    myApp.py     publishing: rainalarm:on
[2024-05-27 22:59:10,723] DEBUG    rainradar.py HTTP-Get to : %https://www.wetter.com/deutschland/hattersheim-am-main/hattersheim/DE0004242.html#niederschlag
[2024-05-27 22:59:10,723] DEBUG    rainradar.py HTTP-Response status : 200
[2024-05-27 22:59:10,993] DEBUG    rainradar.py expected rain: {'22:50': 1}
[2024-05-27 22:59:10,994] DEBUG    rainradar.py rainAlarm ON (has rained)
[2024-05-27 22:59:10,994] DEBUG    myApp.py     publishing: rainalarm:on
[2024-05-27 23:04:11,126] DEBUG    rainradar.py HTTP-Get to : %https://www.wetter.com/deutschland/hattersheim-am-main/hattersheim/DE0004242.html#niederschlag
[2024-05-27 23:04:11,127] DEBUG    rainradar.py HTTP-Response status : 200
[2024-05-27 23:04:11,248] DEBUG    rainradar.py expected rain: {'22:30': 1}
[2024-05-27 23:04:11,249] DEBUG    rainradar.py rainAlarm ON (has rained)
[2024-05-27 23:04:11,250] DEBUG    myApp.py     publishing: rainalarm:on
[2024-05-27 23:09:11,377] DEBUG    rainradar.py HTTP-Get to : %https://www.wetter.com/deutschland/hattersheim-am-main/hattersheim/DE0004242.html#niederschlag
[2024-05-27 23:09:11,377] DEBUG    rainradar.py HTTP-Response status : 200
[2024-05-27 23:09:11,550] DEBUG    rainradar.py expected rain: {'22:55': 1}
[2024-05-27 23:09:11,550] DEBUG    rainradar.py rainAlarm OFF (not raining)
[2024-05-27 23:09:11,551] DEBUG    myApp.py     publishing: rainalarm:off
[2024-05-27 23:14:11,737] DEBUG    rainradar.py HTTP-Get to : %https://www.wetter.com/deutschland/hattersheim-am-main/hattersheim/DE0004242.html#niederschlag
[2024-05-27 23:14:11,738] DEBUG    rainradar.py HTTP-Response status : 200
[2024-05-27 23:14:11,904] DEBUG    rainradar.py expected rain: {'23:00': 1}
[2024-05-27 23:14:11,904] DEBUG    rainradar.py rainAlarm OFF (not raining)
[2024-05-27 23:14:11,906] DEBUG    myApp.py     publishing: rainalarm:off
[2024-05-27 23:19:12,106] DEBUG    rainradar.py HTTP-Get to : %https://www.wetter.com/deutschland/hattersheim-am-main/hattersheim/DE0004242.html#niederschlag
[2024-05-27 23:19:12,106] DEBUG    rainradar.py HTTP-Response status : 200
[2024-05-27 23:19:12,290] DEBUG    rainradar.py expected rain: {'22:35': 1}
[2024-05-27 23:19:12,291] DEBUG    rainradar.py rainAlarm OFF (not raining)
[2024-05-27 23:19:12,291] DEBUG    myApp.py     publishing: rainalarm:off
[2024-05-27 23:24:12,446] DEBUG    rainradar.py HTTP-Get to : %https://www.wetter.com/deutschland/hattersheim-am-main/hattersheim/DE0004242.html#niederschlag
[2024-05-27 23:24:12,446] DEBUG    rainradar.py HTTP-Response status : 200
[2024-05-27 23:24:12,610] DEBUG    rainradar.py expected rain: {'23:10': 1}
[2024-05-27 23:24:12,611] DEBUG    rainradar.py rainAlarm OFF (not raining)
[2024-05-27 23:24:12,611] DEBUG    myApp.py     publishing: rainalarm:off
[2024-05-27 23:29:12,824] DEBUG    rainradar.py HTTP-Get to : %https://www.wetter.com/deutschland/hattersheim-am-main/hattersheim/DE0004242.html#niederschlag
[2024-05-27 23:29:12,824] DEBUG    rainradar.py HTTP-Response status : 200
[2024-05-27 23:29:13,013] DEBUG    rainradar.py expected rain: {'23:15': 1}
[2024-05-27 23:29:13,013] DEBUG    rainradar.py rainAlarm OFF (not raining)
[2024-05-27 23:29:13,014] DEBUG    myApp.py     publishing: rainalarm:off
[2024-05-27 23:34:13,228] DEBUG    rainradar.py HTTP-Get to : %https://www.wetter.com/deutschland/hattersheim-am-main/hattersheim/DE0004242.html#niederschlag
[2024-05-27 23:34:13,228] DEBUG    rainradar.py HTTP-Response status : 200
[2024-05-27 23:34:13,412] DEBUG    rainradar.py expected rain: {'23:05': 1}
[2024-05-27 23:34:13,412] DEBUG    rainradar.py rainAlarm OFF (not raining)
[2024-05-27 23:34:13,414] DEBUG    myApp.py     publishing: rainalarm:off
[2024-05-27 23:39:13,583] DEBUG    rainradar.py HTTP-Get to : %https://www.wetter.com/deutschland/hattersheim-am-main/hattersheim/DE0004242.html#niederschlag
[2024-05-27 23:39:13,583] DEBUG    rainradar.py HTTP-Response status : 200
[2024-05-27 23:39:13,714] DEBUG    rainradar.py expected rain: {'23:30': 1}
[2024-05-27 23:39:13,714] DEBUG    rainradar.py rainAlarm OFF (not raining)
[2024-05-27 23:39:13,715] DEBUG    myApp.py     publishing: rainalarm:off
[2024-05-27 23:44:14,199] DEBUG    rainradar.py HTTP-Get to : %https://www.wetter.com/deutschland/hattersheim-am-main/hattersheim/DE0004242.html#niederschlag
[2024-05-27 23:44:14,199] DEBUG    rainradar.py HTTP-Response status : 200
[2024-05-27 23:44:14,463] DEBUG    rainradar.py expected rain: {'23:35': 1}
[2024-05-27 23:44:14,464] DEBUG    rainradar.py rainAlarm OFF (not raining)
[2024-05-27 23:44:14,466] DEBUG    myApp.py     publishing: rainalarm:off
[2024-05-27 23:49:14,885] DEBUG    rainradar.py HTTP-Get to : %https://www.wetter.com/deutschland/hattersheim-am-main/hattersheim/DE0004242.html#niederschlag
[2024-05-27 23:49:14,885] DEBUG    rainradar.py HTTP-Response status : 200
[2024-05-27 23:49:15,003] DEBUG    rainradar.py expected rain: {'23:45': 1}
[2024-05-27 23:49:15,003] DEBUG    rainradar.py rainAlarm ON (raining)
[2024-05-27 23:49:15,005] DEBUG    myApp.py     publishing: rainalarm:on
[2024-05-27 23:54:15,161] DEBUG    rainradar.py HTTP-Get to : %https://www.wetter.com/deutschland/hattersheim-am-main/hattersheim/DE0004242.html#niederschlag
[2024-05-27 23:54:15,161] DEBUG    rainradar.py HTTP-Response status : 200
[2024-05-27 23:54:15,299] DEBUG    rainradar.py expected rain: {'23:15': 1}
[2024-05-27 23:54:15,299] DEBUG    rainradar.py rainAlarm ON (has rained)
[2024-05-27 23:54:15,301] DEBUG    myApp.py     publishing: rainalarm:on
[2024-05-27 23:59:15,760] DEBUG    rainradar.py HTTP-Get to : %https://www.wetter.com/deutschland/hattersheim-am-main/hattersheim/DE0004242.html#niederschlag
[2024-05-27 23:59:15,761] DEBUG    rainradar.py HTTP-Response status : 200
[2024-05-27 23:59:15,864] DEBUG    rainradar.py expected rain: {'23:20': 1}
[2024-05-27 23:59:15,864] DEBUG    rainradar.py rainAlarm ON (has rained)
[2024-05-27 23:59:15,865] DEBUG    myApp.py     publishing: rainalarm:on
[2024-05-28 00:04:16,054] DEBUG    rainradar.py HTTP-Get to : %https://www.wetter.com/deutschland/hattersheim-am-main/hattersheim/DE0004242.html#niederschlag
[2024-05-28 00:04:16,055] DEBUG    rainradar.py HTTP-Response status : 200
[2024-05-28 00:04:16,196] DEBUG    rainradar.py expected rain: {'00:00': 1}
[2024-05-28 00:04:16,196] DEBUG    rainradar.py rainAlarm ON (raining)
[2024-05-28 00:04:16,198] DEBUG    myApp.py     publishing: rainalarm:on
[2024-05-28 09:03:04,885] ERROR    client.py    failed to receive on socket: [Errno 104] Connection reset by peer
[2024-05-28 09:06:11,538] DEBUG    rainradar.py HTTP-Get to : %https://www.wetter.com/deutschland/hattersheim-am-main/hattersheim/DE0004242.html#niederschlag
[2024-05-28 09:06:11,538] DEBUG    rainradar.py HTTP-Response status : 200
[2024-05-28 09:06:11,831] DEBUG    rainradar.py expected rain: {'09:00': 1}
[2024-05-28 09:06:11,832] DEBUG    rainradar.py rainAlarm OFF (not raining)
[2024-05-28 10:12:13,808] DEBUG    selector_events.py Using selector: EpollSelector
[2024-05-28 10:12:14,938] DEBUG    rainradar.py HTTP-Get to : %https://www.wetter.com/deutschland/hattersheim-am-main/hattersheim/DE0004242.html#niederschlag
[2024-05-28 10:12:14,939] DEBUG    rainradar.py HTTP-Response status : 200
[2024-05-28 10:12:15,582] DEBUG    rainradar.py expected rain: {'10:05': 1}
[2024-05-28 10:12:15,582] DEBUG    rainradar.py rainAlarm OFF (not raining)
[2024-05-28 10:12:15,583] INFO     rainradar.py publishing: tele/rainalarm:off
[2024-05-28 10:45:50,783] DEBUG    selector_events.py Using selector: EpollSelector
[2024-05-28 10:45:51,055] DEBUG    petrolPrice.py HTTP-Get to : %https://www.clever-tanken.de/tankstelle_details/56417
[2024-05-28 10:45:51,055] DEBUG    petrolPrice.py HTTP-Response status : 200
[2024-05-28 10:45:51,494] DEBUG    rainradar.py HTTP-Get to : %https://www.wetter.com/deutschland/hattersheim-am-main/hattersheim/DE0004242.html#niederschlag
[2024-05-28 10:45:51,494] DEBUG    rainradar.py HTTP-Response status : 200
[2024-05-28 10:45:51,778] DEBUG    rainradar.py expected rain: {'10:40': 1}
[2024-05-28 10:45:51,778] DEBUG    rainradar.py rainAlarm OFF (not raining)
[2024-05-28 10:50:51,353] DEBUG    petrolPrice.py HTTP-Get to : %https://www.clever-tanken.de/tankstelle_details/56417
[2024-05-28 10:50:51,354] DEBUG    petrolPrice.py HTTP-Response status : 200
[2024-05-28 10:50:52,944] DEBUG    rainradar.py HTTP-Get to : %https://www.wetter.com/deutschland/hattersheim-am-main/hattersheim/DE0004242.html#niederschlag
[2024-05-28 10:50:52,944] DEBUG    rainradar.py HTTP-Response status : 200
[2024-05-28 10:50:53,358] DEBUG    rainradar.py expected rain: {'10:50': 1}
[2024-05-28 10:50:53,358] DEBUG    rainradar.py rainAlarm ON (raining)
[2024-05-28 10:55:51,782] DEBUG    petrolPrice.py HTTP-Get to : %https://www.clever-tanken.de/tankstelle_details/56417
[2024-05-28 10:55:51,782] DEBUG    petrolPrice.py HTTP-Response status : 200
[2024-05-28 10:55:54,183] DEBUG    rainradar.py HTTP-Get to : %https://www.wetter.com/deutschland/hattersheim-am-main/hattersheim/DE0004242.html#niederschlag
[2024-05-28 10:55:54,183] DEBUG    rainradar.py HTTP-Response status : 200
[2024-05-28 10:55:54,579] DEBUG    rainradar.py expected rain: {'10:50': 1}
[2024-05-28 10:55:54,579] DEBUG    rainradar.py rainAlarm OFF (not raining)
[2024-05-28 10:59:07,953] DEBUG    selector_events.py Using selector: EpollSelector
[2024-05-28 10:59:07,961] INFO     myApp.py     publishing MQTT
[2024-05-28 10:59:07,961] INFO     rainradar.py Sensor started
[2024-05-28 10:59:08,012] INFO     petrolPrice.py Sensor started
[2024-05-28 10:59:08,141] DEBUG    petrolPrice.py HTTP-Get to : %https://www.clever-tanken.de/tankstelle_details/56417
[2024-05-28 10:59:08,141] DEBUG    petrolPrice.py HTTP-Response status : 200
[2024-05-28 10:59:08,209] DEBUG    myApp.py     publishing: tele/petrolPrices:{"Diesel":"1.63","Super_E10":"1.78","Super_E5":"1.84","SuperPlus":"1.92"}
[2024-05-28 10:59:08,385] DEBUG    rainradar.py HTTP-Get to : %https://www.wetter.com/deutschland/hattersheim-am-main/hattersheim/DE0004242.html#niederschlag
[2024-05-28 10:59:08,385] DEBUG    rainradar.py HTTP-Response status : 200
[2024-05-28 10:59:08,764] DEBUG    rainradar.py expected rain: {'10:50': 1}
[2024-05-28 10:59:08,765] DEBUG    rainradar.py rainAlarm OFF (not raining)
[2024-05-28 10:59:08,766] DEBUG    myApp.py     publishing: tele/rainalarm:off
[2024-05-28 11:01:55,619] DEBUG    selector_events.py Using selector: EpollSelector
[2024-05-28 11:02:44,798] DEBUG    selector_events.py Using selector: EpollSelector
[2024-05-28 11:05:12,669] DEBUG    selector_events.py Using selector: EpollSelector
[2024-05-28 11:08:36,680] DEBUG    selector_events.py Using selector: EpollSelector
[2024-05-28 11:09:03,340] DEBUG    selector_events.py Using selector: EpollSelector
[2024-05-28 11:10:25,224] DEBUG    selector_events.py Using selector: EpollSelector
[2024-05-28 11:11:59,912] DEBUG    selector_events.py Using selector: EpollSelector
[2024-05-28 11:11:59,922] INFO     myApp.py     publishing print
[2024-05-28 13:55:35,850] ERROR    client.py    failed to receive on socket: [Errno 104] Connection reset by peer
[2024-05-28 17:19:03,412] DEBUG    selector_events.py Using selector: EpollSelector
[2024-05-28 17:19:03,423] INFO     myApp.py     publishing print
[2024-05-28 17:19:03,423] INFO     myApp.py     distributing MQTT
[2024-05-28 17:23:07,735] DEBUG    selector_events.py Using selector: EpollSelector
[2024-05-28 17:23:08,755] INFO     myApp.py     publishing print
[2024-05-28 17:23:08,755] INFO     myApp.py     distributing MQTT
[2024-05-28 17:25:37,688] DEBUG    selector_events.py Using selector: EpollSelector
[2024-05-28 17:25:37,696] INFO     myApp.py     publishing print
[2024-05-28 17:25:37,696] INFO     myApp.py     distributing MQTT
[2024-05-28 19:04:12,798] ERROR    client.py    failed to receive on socket: [Errno 104] Connection reset by peer
[2024-05-29 00:35:23,251] DEBUG    selector_events.py Using selector: EpollSelector
[2024-05-29 00:35:23,266] INFO     myApp.py     publishing print
[2024-05-29 00:35:23,266] INFO     myApp.py     distributing MQTT
